Program
..FuncDecl
....FuncHeader
......Identifier(f)
......FuncParams
....FuncBody
......Assign
........Identifier(a)
........Minus
..........Natural(1)
......Assign
........Identifier(b)
........Minus
..........Minus
............Natural(1)
......Assign
........Identifier(c)
........Minus
..........Plus
............Minus
..............Plus
................Natural(2)
......Assign
........Identifier(d)
........Add
..........Minus
............Natural(2)
..........Minus
............Natural(3)
......Assign
........Identifier(e)
........Add
..........Add
............Minus
..............Natural(2)
............Minus
..............Natural(1)
..........Minus
............Natural(2)
......Assign
........Identifier(f)
........Add
..........Not
............Not
..............Minus
................Natural(2)
..........Minus
............Natural(1)
......Assign
........Identifier(x)
........Sub
..........Mul
............Minus
..............Natural(1)
............Plus
..............Natural(2)
..........Div
............Minus
..............Natural(1)
............Decimal(2.0)
